Running php-build composer
WARNING! Your password will be stored unencrypted in /home/runner/.docker/config.json.
Configure a credential helper to remove this warning. See
https://docs.docker.com/engine/reference/commandline/login/#credentials-store

Login Succeeded
Pulling docker.pkg.github.com/pie/invision-community-single-logout/php-actions_composer_invision-community-single-logout:php-latest-build2.1.0
php-latest-build2.1.0: Pulling from pie/invision-community-single-logout/php-actions_composer_invision-community-single-logout
31e352740f53: Already exists
f034080c2b5d: Pulling fs layer
0b8701d6f7d5: Pulling fs layer
259e9197ff8b: Pulling fs layer
a2392abb1ba7: Pulling fs layer
d702db174c5d: Pulling fs layer
5788a92b08cc: Pulling fs layer
9f837013f4dd: Pulling fs layer
09ea37a3bff8: Pulling fs layer
69a33334e651: Pulling fs layer
a2392abb1ba7: Waiting
d702db174c5d: Waiting
5788a92b08cc: Waiting
9f837013f4dd: Waiting
09ea37a3bff8: Waiting
69a33334e651: Waiting
259e9197ff8b: Verifying Checksum
259e9197ff8b: Download complete
f034080c2b5d: Verifying Checksum
f034080c2b5d: Download complete
0b8701d6f7d5: Verifying Checksum
0b8701d6f7d5: Download complete
f034080c2b5d: Pull complete
d702db174c5d: Verifying Checksum
d702db174c5d: Download complete
a2392abb1ba7: Verifying Checksum
a2392abb1ba7: Download complete
0b8701d6f7d5: Pull complete
5788a92b08cc: Verifying Checksum
5788a92b08cc: Download complete
259e9197ff8b: Pull complete
09ea37a3bff8: Verifying Checksum
09ea37a3bff8: Download complete
9f837013f4dd: Verifying Checksum
9f837013f4dd: Download complete
a2392abb1ba7: Pull complete
d702db174c5d: Pull complete
69a33334e651: Verifying Checksum
69a33334e651: Download complete
5788a92b08cc: Pull complete
9f837013f4dd: Pull complete
09ea37a3bff8: Pull complete
69a33334e651: Pull complete
Digest: sha256:56f3d93ad1a6ebc5b4f9a589bdbcef2d6bc9c8ca768765488086894e66a46aaf
Status: Downloaded newer image for docker.pkg.github.com/pie/invision-community-single-logout/php-actions_composer_invision-community-single-logout:php-latest-build2.1.0
docker.pkg.github.com/pie/invision-community-single-logout/php-actions_composer_invision-community-single-logout:php-latest-build2.1.0
Docker tag: docker.pkg.github.com/pie/invision-community-single-logout/php-actions_composer_invision-community-single-logout:php-latest-build2.1.0
No private keys supplied
Command: composer install --no-dev --no-progress --no-interaction
Skipping env variable PWD
Skipping env variable HOME
Skipping env variable SHLVL
Skipping env variable PATH
